[2025-07-09 08:25:17] ONGKY - Tambah item: Karet Stabil SJM (12 Pcs)
[2025-07-09 08:25:25] ONGKY - Hapus item ID 5
[2025-07-09 08:25:26] ONGKY - Hapus item ID 7
[2025-07-09 08:25:28] ONGKY - Hapus item ID 6
[2025-07-09 08:25:29] ONGKY - Hapus item ID 8
[2025-07-09 08:25:31] ONGKY - Logout
[2025-07-09 08:25:41] ONGKY - Login berhasil
[2025-07-09 08:26:20] ONGKY - Tambah item: Karet Stabil Original (4 Pcs)
[2025-07-09 08:26:51] ONGKY - Edit item ID 1: jadi Filter Solar Atas, stok 0
[2025-07-09 08:26:58] ONGKY - Edit item ID 2: jadi Fikter Solar Bawah, stok 0
[2025-07-09 08:27:04] ONGKY - Edit item ID 3: jadi Filter Oli Hino L, stok 0
[2025-07-09 08:27:08] ONGKY - Edit item ID 4: jadi Karet Stabil SJM, stok 12
[2025-07-09 08:27:15] ONGKY - Edit item ID 4: jadi Karet Stabil SJM, stok 0
[2025-07-09 08:27:23] ONGKY - Edit item ID 9: jadi Karet Stabil Original, stok 0
[2025-07-09 12:41:03] ONGKY - Login berhasil
[2025-07-09 12:52:23] ONGKY - Login berhasil
[2025-07-10 05:04:48] ONGKY - Login berhasil
[2025-07-10 05:13:46] ONGKY - Logout
[2025-07-10 05:14:00] ONGKY - Login berhasil
[2025-07-10 05:38:55] ONGKY - Logout
[2025-07-10 05:39:04] ONGKY - Login berhasil
[2025-07-10 10:05:55] ONGKY - Login berhasil
[2025-07-10 10:13:16] ONGKY - Login berhasil
[2025-07-10 10:14:26] ONGKY - Tambah supir: Triono - W 9942 UZ
[2025-07-10 10:14:54] ONGKY - Tambah supir: Kundono - W 8194 UR
[2025-07-10 10:15:41] ONGKY - Tambah supir: Widi - W 8563 UQ
[2025-07-10 10:16:11] ONGKY - Tambah supir: Yunarno - W 8627 UN 
[2025-07-10 10:16:25] ONGKY - Tambah supir: Asmad - W 8718 UT
[2025-07-10 13:57:34] ONGKY - Logout
[2025-07-10 13:57:58] ONGKY - Login berhasil
[2025-07-10 13:58:27] ONGKY - Login berhasil
